images/boiler/02_100.jpg
*images/boiler/02_100.jpg*
Found 2 contours
m00:  16.00   h:   6   w:   6 y:  16
m00: 288.50   h:  10   w:  50 y:  14
distance!?!:  22.81
delta y top:   4.00
images/boiler/02_50.jpg
*images/boiler/02_50.jpg*
Found 0 contours
images/boiler/03_100.jpg
*images/boiler/03_100.jpg*
Found 2 contours
m00: 660.00   h:  20   w:  84 y: 110
m00: 725.00   h:  20   w:  54 y:  76
distance!?!:   2.88
delta y top:  34.00
images/boiler/03_50.jpg
*images/boiler/03_50.jpg*
Found 2 contours
m00: 531.00   h:  16   w:  70 y: 110
m00: 329.50   h:  16   w:  38 y:  76
distance!?!:   6.46
delta y top:  34.00
images/boiler/04_100.jpg
*images/boiler/04_100.jpg*
Found 2 contours
m00: 642.00   h:  20   w:  82 y: 182
m00: 879.50   h:  22   w:  64 y: 148
distance!?!:   3.39
delta y top:  35.00
images/boiler/04_50.jpg
*images/boiler/04_50.jpg*
Found 2 contours
m00: 588.00   h:  20   w:  76 y: 182
m00: 757.00   h:  20   w:  54 y: 148
distance!?!:   4.92
delta y top:  34.00
images/boiler/05_100.jpg
*images/boiler/05_100.jpg*
Found 3 contours
m00:   2.00   h:   3   w:   3 y: 251
m00: 559.00   h:  18   w:  74 y: 238
m00: 767.00   h:  22   w:  56 y: 204
distance!?!:  23.58
delta y top:  20.50
images/boiler/05_50.jpg
*images/boiler/05_50.jpg*
Found 2 contours
m00: 533.00   h:  18   w:  70 y: 238
m00: 697.00   h:  20   w:  50 y: 204
distance!?!:   6.46
delta y top:  35.00
images/boiler/06_100.jpg
*images/boiler/06_100.jpg*
Found 3 contours
m00: 543.50   h:  20   w:  72 y: 286
m00:   2.00   h:   3   w:   3 y: 267
m00: 819.50   h:  22   w:  60 y: 252
distance!?!:   5.94
delta y top:  10.50
images/boiler/06_50.jpg
*images/boiler/06_50.jpg*
Found 2 contours
m00: 473.00   h:  16   w:  66 y: 286
m00: 667.50   h:  20   w:  48 y: 252
distance!?!:   7.48
delta y top:  36.00
images/boiler/07_100.jpg
*images/boiler/07_100.jpg*
Found 2 contours
m00: 486.00   h:  18   w:  68 y: 322
m00: 812.00   h:  24   w:  60 y: 288
distance!?!:   6.97
delta y top:  37.00
images/boiler/07_50.jpg
*images/boiler/07_50.jpg*
Found 2 contours
m00: 433.00   h:  16   w:  62 y: 322
m00: 672.00   h:  20   w:  52 y: 288
distance!?!:   8.50
delta y top:  36.00
images/boiler/08.jpg
*images/boiler/08.jpg*
Found 2 contours
m00: 443.00   h:  16   w:  62 y: 352
m00: 757.50   h:  22   w:  56 y: 320
distance!?!:   8.50
delta y top:  35.00
images/boiler/09.jpg
*images/boiler/09.jpg*
Found 2 contours
m00: 395.00   h:  14   w:  58 y: 380
m00: 681.50   h:  20   w:  52 y: 348
distance!?!:   9.52
delta y top:  35.00
images/boiler/10.jpg
*images/boiler/10.jpg*
Found 2 contours
m00: 380.00   h:  14   w:  56 y: 402
m00: 641.00   h:  20   w:  50 y: 372
distance!?!:  10.03
delta y top:  33.00
images/boiler/11.jpg
*images/boiler/11.jpg*
Found 2 contours
m00: 333.00   h:  14   w:  52 y: 422
m00: 585.50   h:  20   w:  46 y: 392
distance!?!:  11.06
delta y top:  33.00
images/boiler/12.jpg
*images/boiler/12.jpg*
Found 2 contours
m00: 267.00   h:  10   w:  48 y: 442
m00: 520.00   h:  18   w:  45 y: 412
distance!?!:  12.08
delta y top:  34.00
images/boiler/13.jpg
*images/boiler/13.jpg*
Found 2 contours
m00: 246.50   h:  10   w:  46 y: 458
m00: 465.00   h:  16   w:  42 y: 430
distance!?!:  12.59
delta y top:  31.00
images/boiler/14.jpg
*images/boiler/14.jpg*
Found 2 contours
m00: 222.00   h:   8   w:  42 y: 472
m00: 420.00   h:  16   w:  40 y: 446
distance!?!:  13.61
delta y top:  30.00
images/boiler/15.jpg
*images/boiler/15.jpg*
Found 1 contours
m00: 389.00   h:  16   w:  36 y: 458
distance!?!:  15.14
delta y top: -1002301075.50
